running egg_info
creating ../../build/semantic_map_loader/semantic_map_loader.egg-info
writing ../../build/semantic_map_loader/semantic_map_loader.egg-info/PKG-INFO
writing dependency_links to ../../build/semantic_map_loader/semantic_map_loader.egg-info/dependency_links.txt
writing entry points to ../../build/semantic_map_loader/semantic_map_loader.egg-info/entry_points.txt
writing requirements to ../../build/semantic_map_loader/semantic_map_loader.egg-info/requires.txt
writing top-level names to ../../build/semantic_map_loader/semantic_map_loader.egg-info/top_level.txt
writing manifest file '../../build/semantic_map_loader/semantic_map_loader.egg-info/SOURCES.txt'
reading manifest file '../../build/semantic_map_loader/semantic_map_loader.egg-info/SOURCES.txt'
writing manifest file '../../build/semantic_map_loader/semantic_map_loader.egg-info/SOURCES.txt'
running build
running build_py
creating /home/n/semantic_map_ui/build/semantic_map_loader/build
creating /home/n/semantic_map_ui/build/semantic_map_loader/build/lib
creating /home/n/semantic_map_ui/build/semantic_map_loader/build/lib/semantic_map_loader
copying semantic_map_loader/__init__.py -> /home/n/semantic_map_ui/build/semantic_map_loader/build/lib/semantic_map_loader
copying semantic_map_loader/semantic_map_loader.py -> /home/n/semantic_map_ui/build/semantic_map_loader/build/lib/semantic_map_loader
running install
running install_lib
creating /home/n/semantic_map_ui/install/semantic_map_loader/lib/python3.10/site-packages/semantic_map_loader
copying /home/n/semantic_map_ui/build/semantic_map_loader/build/lib/semantic_map_loader/__init__.py -> /home/n/semantic_map_ui/install/semantic_map_loader/lib/python3.10/site-packages/semantic_map_loader
copying /home/n/semantic_map_ui/build/semantic_map_loader/build/lib/semantic_map_loader/semantic_map_loader.py -> /home/n/semantic_map_ui/install/semantic_map_loader/lib/python3.10/site-packages/semantic_map_loader
byte-compiling /home/n/semantic_map_ui/install/semantic_map_loader/lib/python3.10/site-packages/semantic_map_loader/__init__.py to __init__.cpython-310.pyc
byte-compiling /home/n/semantic_map_ui/install/semantic_map_loader/lib/python3.10/site-packages/semantic_map_loader/semantic_map_loader.py to semantic_map_loader.cpython-310.pyc
running install_data
creating /home/n/semantic_map_ui/install/semantic_map_loader/share/ament_index
creating /home/n/semantic_map_ui/install/semantic_map_loader/share/ament_index/resource_index
creating /home/n/semantic_map_ui/install/semantic_map_loader/share/ament_index/resource_index/packages
copying resource/semantic_map_loader -> /home/n/semantic_map_ui/install/semantic_map_loader/share/ament_index/resource_index/packages
copying package.xml -> /home/n/semantic_map_ui/install/semantic_map_loader/share/semantic_map_loader
running install_egg_info
Copying ../../build/semantic_map_loader/semantic_map_loader.egg-info to /home/n/semantic_map_ui/install/semantic_map_loader/lib/python3.10/site-packages/semantic_map_loader-0.0.0-py3.10.egg-info
running install_scripts
Installing semantic_map_loader script to /home/n/semantic_map_ui/install/semantic_map_loader/lib/semantic_map_loader
writing list of installed files to '/home/n/semantic_map_ui/build/semantic_map_loader/install.log'
