/home/n/semantic_map_ui/install/semantic_map_loader/lib/python3.10/site-packages/semantic_map_loader/semantic_nav.py
/home/n/semantic_map_ui/install/semantic_map_loader/lib/python3.10/site-packages/semantic_map_loader/fake_robot_node.py
/home/n/semantic_map_ui/install/semantic_map_loader/lib/python3.10/site-packages/semantic_map_loader/__init__.py
/home/n/semantic_map_ui/install/semantic_map_loader/lib/python3.10/site-packages/semantic_map_loader/semantic_map_node.py
/home/n/semantic_map_ui/install/semantic_map_loader/lib/python3.10/site-packages/semantic_map_loader/semantic_map_loader.py
/home/n/semantic_map_ui/install/semantic_map_loader/lib/python3.10/site-packages/semantic_map_loader/__pycache__/semantic_nav.cpython-310.pyc
/home/n/semantic_map_ui/install/semantic_map_loader/lib/python3.10/site-packages/semantic_map_loader/__pycache__/fake_robot_node.cpython-310.pyc
/home/n/semantic_map_ui/install/semantic_map_loader/lib/python3.10/site-packages/semantic_map_loader/__pycache__/__init__.cpython-310.pyc
/home/n/semantic_map_ui/install/semantic_map_loader/lib/python3.10/site-packages/semantic_map_loader/__pycache__/semantic_map_node.cpython-310.pyc
/home/n/semantic_map_ui/install/semantic_map_loader/lib/python3.10/site-packages/semantic_map_loader/__pycache__/semantic_map_loader.cpython-310.pyc
/home/n/semantic_map_ui/install/semantic_map_loader/share/ament_index/resource_index/packages/semantic_map_loader
/home/n/semantic_map_ui/install/semantic_map_loader/share/semantic_map_loader/package.xml
/home/n/semantic_map_ui/install/semantic_map_loader/lib/python3.10/site-packages/semantic_map_loader-0.0.0-py3.10.egg-info/dependency_links.txt
/home/n/semantic_map_ui/install/semantic_map_loader/lib/python3.10/site-packages/semantic_map_loader-0.0.0-py3.10.egg-info/requires.txt
/home/n/semantic_map_ui/install/semantic_map_loader/lib/python3.10/site-packages/semantic_map_loader-0.0.0-py3.10.egg-info/top_level.txt
/home/n/semantic_map_ui/install/semantic_map_loader/lib/python3.10/site-packages/semantic_map_loader-0.0.0-py3.10.egg-info/entry_points.txt
/home/n/semantic_map_ui/install/semantic_map_loader/lib/python3.10/site-packages/semantic_map_loader-0.0.0-py3.10.egg-info/PKG-INFO
/home/n/semantic_map_ui/install/semantic_map_loader/lib/python3.10/site-packages/semantic_map_loader-0.0.0-py3.10.egg-info/SOURCES.txt
/home/n/semantic_map_ui/install/semantic_map_loader/lib/python3.10/site-packages/semantic_map_loader-0.0.0-py3.10.egg-info/zip-safe
/home/n/semantic_map_ui/install/semantic_map_loader/lib/semantic_map_loader/fake_robot
/home/n/semantic_map_ui/install/semantic_map_loader/lib/semantic_map_loader/semantic_map_loader
/home/n/semantic_map_ui/install/semantic_map_loader/lib/semantic_map_loader/semantic_nav
