running egg_info
writing ../../build/semantic_map_loader/semantic_map_loader.egg-info/PKG-INFO
writing dependency_links to ../../build/semantic_map_loader/semantic_map_loader.egg-info/dependency_links.txt
writing entry points to ../../build/semantic_map_loader/semantic_map_loader.egg-info/entry_points.txt
writing requirements to ../../build/semantic_map_loader/semantic_map_loader.egg-info/requires.txt
writing top-level names to ../../build/semantic_map_loader/semantic_map_loader.egg-info/top_level.txt
reading manifest file '../../build/semantic_map_loader/semantic_map_loader.egg-info/SOURCES.txt'
writing manifest file '../../build/semantic_map_loader/semantic_map_loader.egg-info/SOURCES.txt'
running build
running build_py
copying semantic_map_loader/semantic_nav.py -> /home/n/semantic_map_ui/build/semantic_map_loader/build/lib/semantic_map_loader
running install
running install_lib
copying /home/n/semantic_map_ui/build/semantic_map_loader/build/lib/semantic_map_loader/semantic_nav.py -> /home/n/semantic_map_ui/install/semantic_map_loader/lib/python3.10/site-packages/semantic_map_loader
byte-compiling /home/n/semantic_map_ui/install/semantic_map_loader/lib/python3.10/site-packages/semantic_map_loader/semantic_nav.py to semantic_nav.cpython-310.pyc
running install_data
running install_egg_info
removing '/home/n/semantic_map_ui/install/semantic_map_loader/lib/python3.10/site-packages/semantic_map_loader-0.0.0-py3.10.egg-info' (and everything under it)
Copying ../../build/semantic_map_loader/semantic_map_loader.egg-info to /home/n/semantic_map_ui/install/semantic_map_loader/lib/python3.10/site-packages/semantic_map_loader-0.0.0-py3.10.egg-info
running install_scripts
Installing fake_robot script to /home/n/semantic_map_ui/install/semantic_map_loader/lib/semantic_map_loader
Installing semantic_map_loader script to /home/n/semantic_map_ui/install/semantic_map_loader/lib/semantic_map_loader
Installing semantic_nav script to /home/n/semantic_map_ui/install/semantic_map_loader/lib/semantic_map_loader
writing list of installed files to '/home/n/semantic_map_ui/build/semantic_map_loader/install.log'
