[0.973s] Invoking command in '/home/n/semantic_map_ui/src/semantic_nav/semantic_nav': PYTHONPATH=/home/n/semantic_map_ui/build/semantic_nav/prefix_override:/usr/lib/python3/dist-packages/colcon_core/task/python/colcon_distutils_commands:/home/n/semantic_map_ui/install/semantic_nav/lib/python3.10/site-packages:${PYTHONPATH} /usr/bin/python3 -W ignore:setup.py install is deprecated -W ignore:easy_install command is deprecated setup.py egg_info --egg-base ../../../build/semantic_nav build --build-base /home/n/semantic_map_ui/build/semantic_nav/build install --record /home/n/semantic_map_ui/build/semantic_nav/install.log --single-version-externally-managed install_data
[1.213s] running egg_info
[1.214s] writing ../../../build/semantic_nav/semantic_nav.egg-info/PKG-INFO
[1.214s] writing dependency_links to ../../../build/semantic_nav/semantic_nav.egg-info/dependency_links.txt
[1.214s] writing entry points to ../../../build/semantic_nav/semantic_nav.egg-info/entry_points.txt
[1.214s] writing requirements to ../../../build/semantic_nav/semantic_nav.egg-info/requires.txt
[1.215s] writing top-level names to ../../../build/semantic_nav/semantic_nav.egg-info/top_level.txt
[1.217s] reading manifest file '../../../build/semantic_nav/semantic_nav.egg-info/SOURCES.txt'
[1.218s] writing manifest file '../../../build/semantic_nav/semantic_nav.egg-info/SOURCES.txt'
[1.218s] running build
[1.218s] running build_py
[1.219s] running install
[1.219s] running install_lib
[1.221s] running install_data
[1.221s] running install_egg_info
[1.224s] removing '/home/n/semantic_map_ui/install/semantic_nav/lib/python3.10/site-packages/semantic_nav-0.0.0-py3.10.egg-info' (and everything under it)
[1.224s] Copying ../../../build/semantic_nav/semantic_nav.egg-info to /home/n/semantic_map_ui/install/semantic_nav/lib/python3.10/site-packages/semantic_nav-0.0.0-py3.10.egg-info
[1.225s] running install_scripts
[1.251s] Installing semantic_nav script to /home/n/semantic_map_ui/install/semantic_nav/lib/semantic_nav
[1.251s] writing list of installed files to '/home/n/semantic_map_ui/build/semantic_nav/install.log'
[1.282s] Invoked command in '/home/n/semantic_map_ui/src/semantic_nav/semantic_nav' returned '0': PYTHONPATH=/home/n/semantic_map_ui/build/semantic_nav/prefix_override:/usr/lib/python3/dist-packages/colcon_core/task/python/colcon_distutils_commands:/home/n/semantic_map_ui/install/semantic_nav/lib/python3.10/site-packages:${PYTHONPATH} /usr/bin/python3 -W ignore:setup.py install is deprecated -W ignore:easy_install command is deprecated setup.py egg_info --egg-base ../../../build/semantic_nav build --build-base /home/n/semantic_map_ui/build/semantic_nav/build install --record /home/n/semantic_map_ui/build/semantic_nav/install.log --single-version-externally-managed install_data
