running egg_info
creating ../../../build/semantic_nav/semantic_nav.egg-info
writing ../../../build/semantic_nav/semantic_nav.egg-info/PKG-INFO
writing dependency_links to ../../../build/semantic_nav/semantic_nav.egg-info/dependency_links.txt
writing entry points to ../../../build/semantic_nav/semantic_nav.egg-info/entry_points.txt
writing requirements to ../../../build/semantic_nav/semantic_nav.egg-info/requires.txt
writing top-level names to ../../../build/semantic_nav/semantic_nav.egg-info/top_level.txt
writing manifest file '../../../build/semantic_nav/semantic_nav.egg-info/SOURCES.txt'
reading manifest file '../../../build/semantic_nav/semantic_nav.egg-info/SOURCES.txt'
writing manifest file '../../../build/semantic_nav/semantic_nav.egg-info/SOURCES.txt'
running build
running build_py
creating /home/n/semantic_map_ui/build/semantic_nav/build
creating /home/n/semantic_map_ui/build/semantic_nav/build/lib
creating /home/n/semantic_map_ui/build/semantic_nav/build/lib/semantic_nav
copying semantic_nav/semantic_nav.py -> /home/n/semantic_map_ui/build/semantic_nav/build/lib/semantic_nav
copying semantic_nav/__init__.py -> /home/n/semantic_map_ui/build/semantic_nav/build/lib/semantic_nav
running install
running install_lib
creating /home/n/semantic_map_ui/install/semantic_nav/lib/python3.10/site-packages/semantic_nav
copying /home/n/semantic_map_ui/build/semantic_nav/build/lib/semantic_nav/semantic_nav.py -> /home/n/semantic_map_ui/install/semantic_nav/lib/python3.10/site-packages/semantic_nav
copying /home/n/semantic_map_ui/build/semantic_nav/build/lib/semantic_nav/__init__.py -> /home/n/semantic_map_ui/install/semantic_nav/lib/python3.10/site-packages/semantic_nav
byte-compiling /home/n/semantic_map_ui/install/semantic_nav/lib/python3.10/site-packages/semantic_nav/semantic_nav.py to semantic_nav.cpython-310.pyc
byte-compiling /home/n/semantic_map_ui/install/semantic_nav/lib/python3.10/site-packages/semantic_nav/__init__.py to __init__.cpython-310.pyc
running install_data
creating /home/n/semantic_map_ui/install/semantic_nav/share/ament_index
creating /home/n/semantic_map_ui/install/semantic_nav/share/ament_index/resource_index
creating /home/n/semantic_map_ui/install/semantic_nav/share/ament_index/resource_index/packages
copying resource/semantic_nav -> /home/n/semantic_map_ui/install/semantic_nav/share/ament_index/resource_index/packages
copying package.xml -> /home/n/semantic_map_ui/install/semantic_nav/share/semantic_nav
running install_egg_info
Copying ../../../build/semantic_nav/semantic_nav.egg-info to /home/n/semantic_map_ui/install/semantic_nav/lib/python3.10/site-packages/semantic_nav-0.0.0-py3.10.egg-info
running install_scripts
Installing semantic_nav script to /home/n/semantic_map_ui/install/semantic_nav/lib/semantic_nav
writing list of installed files to '/home/n/semantic_map_ui/build/semantic_nav/install.log'
