[0.960s] Invoking command in '/home/n/semantic_map_ui/src/semantic_nav/semantic_nav': PYTHONPATH=/home/n/semantic_map_ui/build/semantic_nav/prefix_override:/usr/lib/python3/dist-packages/colcon_core/task/python/colcon_distutils_commands:/home/n/semantic_map_ui/install/semantic_nav/lib/python3.10/site-packages:${PYTHONPATH} /usr/bin/python3 -W ignore:setup.py install is deprecated -W ignore:easy_install command is deprecated setup.py egg_info --egg-base ../../../build/semantic_nav build --build-base /home/n/semantic_map_ui/build/semantic_nav/build install --record /home/n/semantic_map_ui/build/semantic_nav/install.log --single-version-externally-managed install_data
[1.210s] running egg_info
[1.210s] creating ../../../build/semantic_nav/semantic_nav.egg-info
[1.211s] writing ../../../build/semantic_nav/semantic_nav.egg-info/PKG-INFO
[1.211s] writing dependency_links to ../../../build/semantic_nav/semantic_nav.egg-info/dependency_links.txt
[1.211s] writing entry points to ../../../build/semantic_nav/semantic_nav.egg-info/entry_points.txt
[1.211s] writing requirements to ../../../build/semantic_nav/semantic_nav.egg-info/requires.txt
[1.211s] writing top-level names to ../../../build/semantic_nav/semantic_nav.egg-info/top_level.txt
[1.211s] writing manifest file '../../../build/semantic_nav/semantic_nav.egg-info/SOURCES.txt'
[1.213s] reading manifest file '../../../build/semantic_nav/semantic_nav.egg-info/SOURCES.txt'
[1.213s] writing manifest file '../../../build/semantic_nav/semantic_nav.egg-info/SOURCES.txt'
[1.213s] running build
[1.214s] running build_py
[1.214s] creating /home/n/semantic_map_ui/build/semantic_nav/build
[1.214s] creating /home/n/semantic_map_ui/build/semantic_nav/build/lib
[1.214s] creating /home/n/semantic_map_ui/build/semantic_nav/build/lib/semantic_nav
[1.214s] copying semantic_nav/semantic_nav.py -> /home/n/semantic_map_ui/build/semantic_nav/build/lib/semantic_nav
[1.214s] copying semantic_nav/__init__.py -> /home/n/semantic_map_ui/build/semantic_nav/build/lib/semantic_nav
[1.214s] running install
[1.214s] running install_lib
[1.215s] creating /home/n/semantic_map_ui/install/semantic_nav/lib/python3.10/site-packages/semantic_nav
[1.215s] copying /home/n/semantic_map_ui/build/semantic_nav/build/lib/semantic_nav/semantic_nav.py -> /home/n/semantic_map_ui/install/semantic_nav/lib/python3.10/site-packages/semantic_nav
[1.215s] copying /home/n/semantic_map_ui/build/semantic_nav/build/lib/semantic_nav/__init__.py -> /home/n/semantic_map_ui/install/semantic_nav/lib/python3.10/site-packages/semantic_nav
[1.216s] byte-compiling /home/n/semantic_map_ui/install/semantic_nav/lib/python3.10/site-packages/semantic_nav/semantic_nav.py to semantic_nav.cpython-310.pyc
[1.216s] byte-compiling /home/n/semantic_map_ui/install/semantic_nav/lib/python3.10/site-packages/semantic_nav/__init__.py to __init__.cpython-310.pyc
[1.216s] running install_data
[1.217s] creating /home/n/semantic_map_ui/install/semantic_nav/share/ament_index
[1.217s] creating /home/n/semantic_map_ui/install/semantic_nav/share/ament_index/resource_index
[1.217s] creating /home/n/semantic_map_ui/install/semantic_nav/share/ament_index/resource_index/packages
[1.217s] copying resource/semantic_nav -> /home/n/semantic_map_ui/install/semantic_nav/share/ament_index/resource_index/packages
[1.217s] copying package.xml -> /home/n/semantic_map_ui/install/semantic_nav/share/semantic_nav
[1.217s] running install_egg_info
[1.219s] Copying ../../../build/semantic_nav/semantic_nav.egg-info to /home/n/semantic_map_ui/install/semantic_nav/lib/python3.10/site-packages/semantic_nav-0.0.0-py3.10.egg-info
[1.220s] running install_scripts
[1.242s] Installing semantic_nav script to /home/n/semantic_map_ui/install/semantic_nav/lib/semantic_nav
[1.243s] writing list of installed files to '/home/n/semantic_map_ui/build/semantic_nav/install.log'
[1.269s] Invoked command in '/home/n/semantic_map_ui/src/semantic_nav/semantic_nav' returned '0': PYTHONPATH=/home/n/semantic_map_ui/build/semantic_nav/prefix_override:/usr/lib/python3/dist-packages/colcon_core/task/python/colcon_distutils_commands:/home/n/semantic_map_ui/install/semantic_nav/lib/python3.10/site-packages:${PYTHONPATH} /usr/bin/python3 -W ignore:setup.py install is deprecated -W ignore:easy_install command is deprecated setup.py egg_info --egg-base ../../../build/semantic_nav build --build-base /home/n/semantic_map_ui/build/semantic_nav/build install --record /home/n/semantic_map_ui/build/semantic_nav/install.log --single-version-externally-managed install_data
