[0.741s] Invoking command in '/home/n/semantic_map_ui/src/semantic_map_loader': PYTHONPATH=/home/n/semantic_map_ui/build/semantic_map_loader/prefix_override:/usr/lib/python3/dist-packages/colcon_core/task/python/colcon_distutils_commands:/home/n/semantic_map_ui/install/semantic_map_loader/lib/python3.10/site-packages:${PYTHONPATH} /usr/bin/python3 -W ignore:setup.py install is deprecated -W ignore:easy_install command is deprecated setup.py egg_info --egg-base ../../build/semantic_map_loader build --build-base /home/n/semantic_map_ui/build/semantic_map_loader/build install --record /home/n/semantic_map_ui/build/semantic_map_loader/install.log --single-version-externally-managed install_data
[0.943s] running egg_info
[0.944s] writing ../../build/semantic_map_loader/semantic_map_loader.egg-info/PKG-INFO
[0.944s] writing dependency_links to ../../build/semantic_map_loader/semantic_map_loader.egg-info/dependency_links.txt
[0.944s] writing entry points to ../../build/semantic_map_loader/semantic_map_loader.egg-info/entry_points.txt
[0.944s] writing requirements to ../../build/semantic_map_loader/semantic_map_loader.egg-info/requires.txt
[0.944s] writing top-level names to ../../build/semantic_map_loader/semantic_map_loader.egg-info/top_level.txt
[0.946s] reading manifest file '../../build/semantic_map_loader/semantic_map_loader.egg-info/SOURCES.txt'
[0.947s] writing manifest file '../../build/semantic_map_loader/semantic_map_loader.egg-info/SOURCES.txt'
[0.947s] running build
[0.947s] running build_py
[0.947s] copying semantic_map_loader/semantic_map_loader.py -> /home/n/semantic_map_ui/build/semantic_map_loader/build/lib/semantic_map_loader
[0.947s] running install
[0.947s] running install_lib
[0.948s] copying /home/n/semantic_map_ui/build/semantic_map_loader/build/lib/semantic_map_loader/semantic_map_loader.py -> /home/n/semantic_map_ui/install/semantic_map_loader/lib/python3.10/site-packages/semantic_map_loader
[0.949s] byte-compiling /home/n/semantic_map_ui/install/semantic_map_loader/lib/python3.10/site-packages/semantic_map_loader/semantic_map_loader.py to semantic_map_loader.cpython-310.pyc
[0.950s] running install_data
[0.950s] running install_egg_info
[0.952s] removing '/home/n/semantic_map_ui/install/semantic_map_loader/lib/python3.10/site-packages/semantic_map_loader-0.0.0-py3.10.egg-info' (and everything under it)
[0.952s] Copying ../../build/semantic_map_loader/semantic_map_loader.egg-info to /home/n/semantic_map_ui/install/semantic_map_loader/lib/python3.10/site-packages/semantic_map_loader-0.0.0-py3.10.egg-info
[0.952s] running install_scripts
[0.968s] Installing fake_robot script to /home/n/semantic_map_ui/install/semantic_map_loader/lib/semantic_map_loader
[0.968s] Installing semantic_map_loader script to /home/n/semantic_map_ui/install/semantic_map_loader/lib/semantic_map_loader
[0.969s] writing list of installed files to '/home/n/semantic_map_ui/build/semantic_map_loader/install.log'
[0.987s] Invoked command in '/home/n/semantic_map_ui/src/semantic_map_loader' returned '0': PYTHONPATH=/home/n/semantic_map_ui/build/semantic_map_loader/prefix_override:/usr/lib/python3/dist-packages/colcon_core/task/python/colcon_distutils_commands:/home/n/semantic_map_ui/install/semantic_map_loader/lib/python3.10/site-packages:${PYTHONPATH} /usr/bin/python3 -W ignore:setup.py install is deprecated -W ignore:easy_install command is deprecated setup.py egg_info --egg-base ../../build/semantic_map_loader build --build-base /home/n/semantic_map_ui/build/semantic_map_loader/build install --record /home/n/semantic_map_ui/build/semantic_map_loader/install.log --single-version-externally-managed install_data
